26.03.2017 06:11:57 sql=[select * from cart_item where cart_id='58d7836c059e8'] 
26.03.2017 06:11:57 sql=[select * from sanpham where id_sp =4] 
26.03.2017 06:11:57 sql=[select * from sanpham where id_sp =5] 
26.03.2017 06:11:57 sql=[select * from sanpham where id_sp =8] 
26.03.2017 06:12:00 sql=[select * from cart_item where cart_id='58d7836c059e8'] 
26.03.2017 06:12:00 sql=[select * from sanpham where id_sp =4] 
26.03.2017 06:12:00 sql=[select * from sanpham where id_sp =5] 
26.03.2017 06:12:00 sql=[select * from sanpham where id_sp =8] 
26.03.2017 06:12:05 sql=[select * from cart_item  where cart_id='58d7e85513e27' && id_sp=4] 
26.03.2017 06:12:05 <!-- sql=[INSERT INTO cart_item(item_id,id_sp,cart_id,quantity)
        VALUES('58d7e855154e1', 4, '58d7e85513e27', 1)] --> 
26.03.2017 06:12:05 sql=[select * from cart_item where cart_id='58d7836c059e8'] 
26.03.2017 06:12:05 sql=[select * from sanpham where id_sp =4] 
26.03.2017 06:12:05 sql=[select * from sanpham where id_sp =5] 
26.03.2017 06:12:05 sql=[select * from sanpham where id_sp =8] 
26.03.2017 06:13:58 sql=[select * from cart_item  where cart_id='58d7e8c68320e' && id_sp=8] 
26.03.2017 06:13:58 <!-- sql=[INSERT INTO cart_item(item_id,id_sp,cart_id,quantity)
        VALUES('58d7e8c684851', 8, '58d7e8c68320e', 1)] --> 
26.03.2017 06:13:58 sql=[select * from cart_item where cart_id='58d7836c059e8'] 
26.03.2017 06:13:58 sql=[select * from sanpham where id_sp =4] 
26.03.2017 06:13:58 sql=[select * from sanpham where id_sp =5] 
26.03.2017 06:13:58 sql=[select * from sanpham where id_sp =8] 
26.03.2017 06:16:51 sql=[select * from sanpham LIMIT 6 OFFSET 0] 
26.03.2017 06:16:57 sql=[select * from cart_item  where cart_id='58d7836c059e8' && id_sp=4] 
26.03.2017 06:19:50 sql=[select * from cart_item  where cart_id='58d7836c059e8' && id_sp=4] 
26.03.2017 06:19:53 sql=[select * from sanpham LIMIT 6 OFFSET 0] 
26.03.2017 06:20:01 sql=[select * from cart_item  where cart_id='58d7836c059e8' && id_sp=4] 
26.03.2017 06:20:44 sql=[select * from sanpham LIMIT 6 OFFSET 0] 
26.03.2017 06:21:20 sql=[select * from cart_item  where cart_id='58d7836c059e8' && id_sp=4] 
26.03.2017 06:23:30 sql=[select * from sanpham LIMIT 6 OFFSET 0] 
26.03.2017 06:23:48 sql=[select * from cart_item  where cart_id='58d7836c059e8' && id_sp=4] 
26.03.2017 06:25:41 sql=[select * from sanpham LIMIT 6 OFFSET 0] 
26.03.2017 06:25:49 sql=[select * from cart_item  where cart_id='58d7836c059e8' && id_sp=4] 
26.03.2017 06:26:30 sql=[select * from cart_item  where cart_id='58d7836c059e8' && id_sp=4] 
26.03.2017 06:26:30 <!-- sql=[UPDATE cart_item SET quantity=2 WHERE item_id='58d7e58e9dbd8'] --> 
26.03.2017 06:26:30 sql=[select * from cart_item where cart_id='58d7836c059e8'] 
26.03.2017 06:26:30 sql=[select * from sanpham where id_sp =4] 
26.03.2017 06:26:30 sql=[select * from sanpham where id_sp =5] 
26.03.2017 06:26:30 sql=[select * from sanpham where id_sp =8] 
26.03.2017 06:26:38 sql=[select * from sanpham LIMIT 6 OFFSET 0] 
26.03.2017 06:26:41 sql=[select * from cart_item  where cart_id='58d7836c059e8' && id_sp=4] 
26.03.2017 06:26:41 <!-- sql=[UPDATE cart_item SET quantity=3 WHERE item_id='58d7e58e9dbd8'] --> 
26.03.2017 06:26:42 sql=[select * from cart_item where cart_id='58d7836c059e8'] 
26.03.2017 06:26:42 sql=[select * from sanpham where id_sp =4] 
26.03.2017 06:26:42 sql=[select * from sanpham where id_sp =5] 
26.03.2017 06:26:42 sql=[select * from sanpham where id_sp =8] 
26.03.2017 06:28:19 sql=[select * from cart_item  where cart_id='58d7836c059e8' && id_sp=4] 
26.03.2017 06:28:19 <!-- sql=[UPDATE cart_item SET quantity=4 WHERE item_id='58d7e58e9dbd8'] --> 
26.03.2017 06:28:19 sql=[select * from cart_item where cart_id='58d7836c059e8'] 
26.03.2017 06:28:19 sql=[select * from sanpham where id_sp =4] 
26.03.2017 06:28:19 sql=[select * from sanpham where id_sp =5] 
26.03.2017 06:28:19 sql=[select * from sanpham where id_sp =8] 
26.03.2017 06:28:19 sql=[select sum(item.quantity * sp.gia_sp)  from cart_item item inner join sanpham sp on item.id_sp = sp.id_sp  where cart_id='58d7836c059e8'] 
26.03.2017 06:29:59 sql=[select * from cart_item  where cart_id='58d7836c059e8' && id_sp=4] 
26.03.2017 06:30:19 sql=[select * from cart_item  where cart_id='58d7836c059e8' && id_sp=4] 
26.03.2017 06:30:19 <!-- sql=[UPDATE cart_item SET quantity=5 WHERE item_id='58d7e58e9dbd8'] --> 
26.03.2017 06:30:19 sql=[select * from cart_item where cart_id='58d7836c059e8'] 
26.03.2017 06:30:19 sql=[select * from sanpham where id_sp =4] 
26.03.2017 06:30:19 sql=[select * from sanpham where id_sp =5] 
26.03.2017 06:30:19 sql=[select * from sanpham where id_sp =8] 
26.03.2017 06:30:19 sql=[select sum(item.quantity * sp.gia_sp)  from cart_item item inner join sanpham sp on item.id_sp = sp.id_sp  where cart_id='58d7836c059e8'] 
26.03.2017 06:30:28 sql=[select * from cart_item  where cart_id='58d7836c059e8' && id_sp=4] 
26.03.2017 06:30:28 <!-- sql=[UPDATE cart_item SET quantity=6 WHERE item_id='58d7e58e9dbd8'] --> 
26.03.2017 06:30:28 sql=[select * from cart_item where cart_id='58d7836c059e8'] 
26.03.2017 06:30:28 sql=[select * from sanpham where id_sp =4] 
26.03.2017 06:30:28 sql=[select * from sanpham where id_sp =5] 
26.03.2017 06:30:28 sql=[select * from sanpham where id_sp =8] 
26.03.2017 06:30:33 sql=[select sum(item.quantity * sp.gia_sp)  from cart_item item inner join sanpham sp on item.id_sp = sp.id_sp  where cart_id='58d7836c059e8'] 
26.03.2017 06:31:35 sql=[select * from cart_item  where cart_id='58d7836c059e8' && id_sp=4] 
26.03.2017 06:31:35 <!-- sql=[UPDATE cart_item SET quantity=7 WHERE item_id='58d7e58e9dbd8'] --> 
26.03.2017 06:31:35 sql=[select * from cart_item where cart_id='58d7836c059e8'] 
26.03.2017 06:31:35 sql=[select * from sanpham where id_sp =4] 
26.03.2017 06:31:35 sql=[select * from sanpham where id_sp =5] 
26.03.2017 06:31:35 sql=[select * from sanpham where id_sp =8] 
26.03.2017 06:31:35 sql=[select sum(item.quantity * sp.gia_sp) as tong_gia from cart_item item inner join sanpham sp on item.id_sp = sp.id_sp  where cart_id='58d7836c059e8'] 
26.03.2017 06:31:55 sql=[select * from cart_item  where cart_id='58d7836c059e8' && id_sp=4] 
26.03.2017 06:31:55 <!-- sql=[UPDATE cart_item SET quantity=8 WHERE item_id='58d7e58e9dbd8'] --> 
26.03.2017 06:31:55 sql=[select * from cart_item where cart_id='58d7836c059e8'] 
26.03.2017 06:31:55 sql=[select * from sanpham where id_sp =4] 
26.03.2017 06:31:55 sql=[select * from sanpham where id_sp =5] 
26.03.2017 06:31:55 sql=[select * from sanpham where id_sp =8] 
26.03.2017 06:32:00 sql=[select sum(item.quantity * sp.gia_sp) as tong_gia from cart_item item inner join sanpham sp on item.id_sp = sp.id_sp  where cart_id='58d7836c059e8'] 
26.03.2017 06:32:23 sql=[select * from cart_item  where cart_id='58d7836c059e8' && id_sp=4] 
26.03.2017 06:32:23 <!-- sql=[UPDATE cart_item SET quantity=9 WHERE item_id='58d7e58e9dbd8'] --> 
26.03.2017 06:32:23 sql=[select * from cart_item where cart_id='58d7836c059e8'] 
26.03.2017 06:32:23 sql=[select * from sanpham where id_sp =4] 
26.03.2017 06:32:23 sql=[select * from sanpham where id_sp =5] 
26.03.2017 06:32:23 sql=[select * from sanpham where id_sp =8] 
26.03.2017 06:32:28 sql=[select sum(item.quantity * sp.gia_sp) as tong_gia from cart_item item inner join sanpham sp on item.id_sp = sp.id_sp  where cart_id='58d7836c059e8'] 
26.03.2017 06:32:38 sql=[select * from cart_item  where cart_id='58d7836c059e8' && id_sp=4] 
26.03.2017 06:32:38 <!-- sql=[UPDATE cart_item SET quantity=10 WHERE item_id='58d7e58e9dbd8'] --> 
26.03.2017 06:32:38 sql=[select * from cart_item where cart_id='58d7836c059e8'] 
26.03.2017 06:32:38 sql=[select * from sanpham where id_sp =4] 
26.03.2017 06:32:38 sql=[select * from sanpham where id_sp =5] 
26.03.2017 06:32:38 sql=[select * from sanpham where id_sp =8] 
26.03.2017 06:32:38 sql=[select sum(item.quantity * sp.gia_sp) as tong_gia from cart_item item inner join sanpham sp on item.id_sp = sp.id_sp  where cart_id='58d7836c059e8'] 
26.03.2017 06:35:42 sql=[select * from cart_item  where cart_id='58d7836c059e8' && id_sp=4] 
26.03.2017 06:35:42 <!-- sql=[UPDATE cart_item SET quantity=11 WHERE item_id='58d7e58e9dbd8'] --> 
26.03.2017 06:35:42 sql=[select * from cart_item where cart_id='58d7836c059e8'] 
26.03.2017 06:35:42 sql=[select * from sanpham where id_sp =4] 
26.03.2017 06:35:42 sql=[select * from sanpham where id_sp =5] 
26.03.2017 06:35:42 sql=[select * from sanpham where id_sp =8] 
26.03.2017 06:35:42 sql=[select sum(item.quantity * sp.gia_sp) as tong_gia from cart_item item inner join sanpham sp on item.id_sp = sp.id_sp  where cart_id='58d7836c059e8'] 
27.03.2017 08:41:20 sql=[select * from sanpham LIMIT 6 OFFSET 0] 
27.03.2017 08:41:38 sql=[select * from sanpham LIMIT 6 OFFSET 0] 
27.03.2017 08:41:42 sql=[select * from sanpham LIMIT 6 OFFSET 0] 
27.03.2017 09:22:51 sql=[select * from sanpham LIMIT 6 OFFSET 0] 
27.03.2017 09:22:54 sql=[select * from cart_item  where cart_id='58d8bdceca91c' && id_sp=4] 
27.03.2017 09:22:54 <!-- sql=[INSERT INTO cart_item(item_id,id_sp,cart_id,quantity)
        VALUES('58d8bdcecefaf', 4, '58d8bdceca91c', 1)] --> 
27.03.2017 09:22:54 sql=[select * from cart_item where cart_id='58d8bdceca91c'] 
27.03.2017 09:22:54 sql=[select * from sanpham where id_sp =4] 
27.03.2017 09:22:54 sql=[select sum(item.quantity * sp.gia_sp) as tong_gia from cart_item item inner join sanpham sp on item.id_sp = sp.id_sp  where cart_id='58d8bdceca91c'] 
27.03.2017 09:27:45 sql=[select * from sanpham LIMIT 6 OFFSET 0] 
27.03.2017 09:27:58 sql=[select * from cart_item  where cart_id='58d8bdceca91c' && id_sp=5] 
27.03.2017 09:27:58 <!-- sql=[INSERT INTO cart_item(item_id,id_sp,cart_id,quantity)
        VALUES('58d8befed1f78', 5, '58d8bdceca91c', 1)] --> 
27.03.2017 09:27:58 sql=[select * from cart_item where cart_id='58d8bdceca91c'] 
27.03.2017 09:27:58 sql=[select * from sanpham where id_sp =4] 
27.03.2017 09:27:58 sql=[select * from sanpham where id_sp =5] 
27.03.2017 09:27:58 sql=[select sum(item.quantity * sp.gia_sp) as tong_gia from cart_item item inner join sanpham sp on item.id_sp = sp.id_sp  where cart_id='58d8bdceca91c'] 
27.03.2017 09:28:18 sql=[select * from cart_item  where cart_id='58d8bdceca91c' && id_sp=4] 
27.03.2017 09:28:18 <!-- sql=[UPDATE cart_item SET quantity=2 WHERE item_id='58d8bdcecefaf'] --> 
27.03.2017 09:28:18 sql=[select * from cart_item where cart_id='58d8bdceca91c'] 
27.03.2017 09:28:18 sql=[select * from sanpham where id_sp =4] 
27.03.2017 09:28:18 sql=[select * from sanpham where id_sp =5] 
27.03.2017 09:28:18 sql=[select sum(item.quantity * sp.gia_sp) as tong_gia from cart_item item inner join sanpham sp on item.id_sp = sp.id_sp  where cart_id='58d8bdceca91c'] 
27.03.2017 09:28:51 sql=[select * from cart_item  where cart_id='58d8bdceca91c' && id_sp=4] 
27.03.2017 09:28:51 <!-- sql=[UPDATE cart_item SET quantity=3 WHERE item_id='58d8bdcecefaf'] --> 
27.03.2017 09:28:51 sql=[select * from cart_item where cart_id='58d8bdceca91c'] 
27.03.2017 09:28:51 sql=[select * from sanpham where id_sp =4] 
27.03.2017 09:28:52 sql=[select * from sanpham where id_sp =5] 
27.03.2017 09:28:52 sql=[select sum(item.quantity * sp.gia_sp) as tong_gia from cart_item item inner join sanpham sp on item.id_sp = sp.id_sp  where cart_id='58d8bdceca91c'] 
27.03.2017 09:32:08 sql=[select * from cart_item  where cart_id='58d8bdceca91c' && id_sp=4] 
27.03.2017 09:32:08 <!-- sql=[UPDATE cart_item SET quantity=4 WHERE item_id='58d8bdcecefaf'] --> 
27.03.2017 09:32:08 sql=[select * from cart_item where cart_id='58d8bdceca91c'] 
27.03.2017 09:32:08 sql=[select * from sanpham where id_sp =4] 
27.03.2017 09:32:08 sql=[select * from sanpham where id_sp =5] 
27.03.2017 09:32:08 sql=[select sum(item.quantity * sp.gia_sp) as tong_gia from cart_item item inner join sanpham sp on item.id_sp = sp.id_sp  where cart_id='58d8bdceca91c'] 
27.03.2017 09:32:13 sql=[select * from cart_item  where cart_id='58d8bdceca91c' && id_sp=4] 
27.03.2017 09:32:13 <!-- sql=[UPDATE cart_item SET quantity=5 WHERE item_id='58d8bdcecefaf'] --> 
27.03.2017 09:32:13 sql=[select * from cart_item where cart_id='58d8bdceca91c'] 
27.03.2017 09:32:13 sql=[select * from sanpham where id_sp =4] 
27.03.2017 09:32:13 sql=[select * from sanpham where id_sp =5] 
27.03.2017 09:32:13 sql=[select sum(item.quantity * sp.gia_sp) as tong_gia from cart_item item inner join sanpham sp on item.id_sp = sp.id_sp  where cart_id='58d8bdceca91c'] 
27.03.2017 09:36:46 sql=[select * from cart_item where cart_id='58d8bdceca91c'] 
27.03.2017 09:36:46 sql=[select * from sanpham where id_sp =4] 
27.03.2017 09:36:46 sql=[select * from sanpham where id_sp =5] 
27.03.2017 09:36:46 sql=[select sum(item.quantity * sp.gia_sp) as tong_gia from cart_item item inner join sanpham sp on item.id_sp = sp.id_sp  where cart_id='58d8bdceca91c'] 
27.03.2017 09:36:46 sql=[select sum(item.quantity * sp.gia_sp) as tong_gia from cart_item item inner join sanpham sp on item.id_sp = sp.id_sp  where cart_id='58d8bdceca91c'] 
27.03.2017 09:36:50 sql=[select * from cart_item where cart_id='58d8bdceca91c'] 
27.03.2017 09:36:50 sql=[select * from sanpham where id_sp =4] 
27.03.2017 09:36:50 sql=[select * from sanpham where id_sp =5] 
27.03.2017 09:36:50 sql=[select sum(item.quantity * sp.gia_sp) as tong_gia from cart_item item inner join sanpham sp on item.id_sp = sp.id_sp  where cart_id='58d8bdceca91c'] 
27.03.2017 09:36:50 sql=[select sum(item.quantity * sp.gia_sp) as tong_gia from cart_item item inner join sanpham sp on item.id_sp = sp.id_sp  where cart_id='58d8bdceca91c'] 
27.03.2017 09:38:59 sql=[select * from cart_item where cart_id='58d8bdceca91c'] 
27.03.2017 09:38:59 sql=[select * from sanpham where id_sp =4] 
27.03.2017 09:38:59 sql=[select * from sanpham where id_sp =5] 
27.03.2017 09:38:59 sql=[select sum(item.quantity * sp.gia_sp) as tong_gia from cart_item item inner join sanpham sp on item.id_sp = sp.id_sp  where cart_id='58d8bdceca91c'] 
27.03.2017 09:38:59 sql=[select sum(item.quantity * sp.gia_sp) as tong_gia from cart_item item inner join sanpham sp on item.id_sp = sp.id_sp  where cart_id='58d8bdceca91c'] 
27.03.2017 09:38:59 sql=[select sum(item.quantity * sp.gia_sp) as tong_gia from cart_item item inner join sanpham sp on item.id_sp = sp.id_sp  where cart_id='58d8bdceca91c'] 
27.03.2017 09:39:01 sql=[select * from cart_item where cart_id='58d8bdceca91c'] 
27.03.2017 09:39:01 sql=[select * from sanpham where id_sp =4] 
27.03.2017 09:39:01 sql=[select * from sanpham where id_sp =5] 
27.03.2017 09:39:01 sql=[select sum(item.quantity * sp.gia_sp) as tong_gia from cart_item item inner join sanpham sp on item.id_sp = sp.id_sp  where cart_id='58d8bdceca91c'] 
27.03.2017 09:39:01 sql=[select sum(item.quantity * sp.gia_sp) as tong_gia from cart_item item inner join sanpham sp on item.id_sp = sp.id_sp  where cart_id='58d8bdceca91c'] 
27.03.2017 09:39:01 sql=[select sum(item.quantity * sp.gia_sp) as tong_gia from cart_item item inner join sanpham sp on item.id_sp = sp.id_sp  where cart_id='58d8bdceca91c'] 
27.03.2017 09:39:03 sql=[select * from cart_item where cart_id='58d8bdceca91c'] 
27.03.2017 09:39:03 sql=[select * from sanpham where id_sp =4] 
27.03.2017 09:39:03 sql=[select * from sanpham where id_sp =5] 
27.03.2017 09:39:03 sql=[select sum(item.quantity * sp.gia_sp) as tong_gia from cart_item item inner join sanpham sp on item.id_sp = sp.id_sp  where cart_id='58d8bdceca91c'] 
27.03.2017 09:39:03 sql=[select sum(item.quantity * sp.gia_sp) as tong_gia from cart_item item inner join sanpham sp on item.id_sp = sp.id_sp  where cart_id='58d8bdceca91c'] 
27.03.2017 09:39:03 sql=[select sum(item.quantity * sp.gia_sp) as tong_gia from cart_item item inner join sanpham sp on item.id_sp = sp.id_sp  where cart_id='58d8bdceca91c'] 
27.03.2017 09:39:04 sql=[select * from cart_item where cart_id='58d8bdceca91c'] 
27.03.2017 09:39:04 sql=[select * from sanpham where id_sp =4] 
27.03.2017 09:39:04 sql=[select * from sanpham where id_sp =5] 
27.03.2017 09:39:04 sql=[select sum(item.quantity * sp.gia_sp) as tong_gia from cart_item item inner join sanpham sp on item.id_sp = sp.id_sp  where cart_id='58d8bdceca91c'] 
27.03.2017 09:39:04 sql=[select sum(item.quantity * sp.gia_sp) as tong_gia from cart_item item inner join sanpham sp on item.id_sp = sp.id_sp  where cart_id='58d8bdceca91c'] 
27.03.2017 09:39:04 sql=[select sum(item.quantity * sp.gia_sp) as tong_gia from cart_item item inner join sanpham sp on item.id_sp = sp.id_sp  where cart_id='58d8bdceca91c'] 
27.03.2017 10:18:22 sql=[select * from sanpham LIMIT 6 OFFSET 0] 
27.03.2017 10:26:50 sql=[select * from cart_item where cart_id='58d8bdceca91c'] 
27.03.2017 10:26:50 sql=[select * from sanpham where id_sp =4] 
27.03.2017 10:26:50 sql=[select * from sanpham where id_sp =5] 
27.03.2017 10:26:50 sql=[select sum(item.quantity * sp.gia_sp) as tong_gia from cart_item item inner join sanpham sp on item.id_sp = sp.id_sp  where cart_id='58d8bdceca91c'] 
27.03.2017 10:26:50 sql=[select sum(item.quantity * sp.gia_sp) as tong_gia from cart_item item inner join sanpham sp on item.id_sp = sp.id_sp  where cart_id='58d8bdceca91c'] 
27.03.2017 10:26:50 sql=[select sum(item.quantity * sp.gia_sp) as tong_gia from cart_item item inner join sanpham sp on item.id_sp = sp.id_sp  where cart_id='58d8bdceca91c'] 
27.03.2017 10:31:06 sql=[select * from cart_item  where cart_id='58d8bdceca91c' && id_sp=8] 
27.03.2017 10:31:06 <!-- sql=[INSERT INTO cart_item(item_id,id_sp,cart_id,quantity)
        VALUES('58d8cdca91306', 8, '58d8bdceca91c', 1)] --> 
27.03.2017 10:31:06 sql=[select * from cart_item where cart_id='58d8bdceca91c'] 
27.03.2017 10:31:06 sql=[select * from sanpham where id_sp =4] 
27.03.2017 10:31:06 sql=[select * from sanpham where id_sp =5] 
27.03.2017 10:31:06 sql=[select * from sanpham where id_sp =8] 
27.03.2017 10:31:06 sql=[select sum(item.quantity * sp.gia_sp) as tong_gia from cart_item item inner join sanpham sp on item.id_sp = sp.id_sp  where cart_id='58d8bdceca91c'] 
27.03.2017 10:31:06 sql=[select sum(item.quantity * sp.gia_sp) as tong_gia from cart_item item inner join sanpham sp on item.id_sp = sp.id_sp  where cart_id='58d8bdceca91c'] 
27.03.2017 10:31:06 sql=[select sum(item.quantity * sp.gia_sp) as tong_gia from cart_item item inner join sanpham sp on item.id_sp = sp.id_sp  where cart_id='58d8bdceca91c'] 
27.03.2017 10:33:24 sql=[select * from cart_item where cart_id='58d8bdceca91c'] 
27.03.2017 10:33:24 sql=[select * from sanpham where id_sp =4] 
27.03.2017 10:33:24 sql=[select * from sanpham where id_sp =5] 
27.03.2017 10:33:24 sql=[select * from sanpham where id_sp =8] 
27.03.2017 10:33:24 sql=[select sum(item.quantity * sp.gia_sp) as tong_gia from cart_item item inner join sanpham sp on item.id_sp = sp.id_sp  where cart_id='58d8bdceca91c'] 
27.03.2017 10:33:24 sql=[select sum(item.quantity * sp.gia_sp) as tong_gia from cart_item item inner join sanpham sp on item.id_sp = sp.id_sp  where cart_id='58d8bdceca91c'] 
27.03.2017 10:33:24 sql=[select sum(item.quantity * sp.gia_sp) as tong_gia from cart_item item inner join sanpham sp on item.id_sp = sp.id_sp  where cart_id='58d8bdceca91c'] 
27.03.2017 10:33:42 sql=[select * from cart_item where cart_id='58d8bdceca91c'] 
27.03.2017 10:33:42 sql=[select * from sanpham where id_sp =4] 
27.03.2017 10:33:42 sql=[select * from sanpham where id_sp =5] 
27.03.2017 10:33:42 sql=[select * from sanpham where id_sp =8] 
27.03.2017 10:33:42 sql=[select sum(item.quantity * sp.gia_sp) as tong_gia from cart_item item inner join sanpham sp on item.id_sp = sp.id_sp  where cart_id='58d8bdceca91c'] 
27.03.2017 10:33:42 sql=[select sum(item.quantity * sp.gia_sp) as tong_gia from cart_item item inner join sanpham sp on item.id_sp = sp.id_sp  where cart_id='58d8bdceca91c'] 
27.03.2017 10:33:42 sql=[select sum(item.quantity * sp.gia_sp) as tong_gia from cart_item item inner join sanpham sp on item.id_sp = sp.id_sp  where cart_id='58d8bdceca91c'] 
27.03.2017 10:35:13 sql=[select * from cart_item where cart_id='58d8bdceca91c'] 
27.03.2017 10:35:13 sql=[select * from sanpham where id_sp =4] 
27.03.2017 10:35:13 sql=[select * from sanpham where id_sp =5] 
27.03.2017 10:35:13 sql=[select * from sanpham where id_sp =8] 
27.03.2017 10:35:13 sql=[select sum(item.quantity * sp.gia_sp) as tong_gia from cart_item item inner join sanpham sp on item.id_sp = sp.id_sp  where cart_id='58d8bdceca91c'] 
27.03.2017 10:35:13 sql=[select sum(item.quantity * sp.gia_sp) as tong_gia from cart_item item inner join sanpham sp on item.id_sp = sp.id_sp  where cart_id='58d8bdceca91c'] 
27.03.2017 10:35:13 sql=[select sum(item.quantity * sp.gia_sp) as tong_gia from cart_item item inner join sanpham sp on item.id_sp = sp.id_sp  where cart_id='58d8bdceca91c'] 
27.03.2017 10:35:31 sql=[select * from cart_item where cart_id='58d8bdceca91c'] 
27.03.2017 10:35:31 sql=[select * from sanpham where id_sp =4] 
27.03.2017 10:35:31 sql=[select * from sanpham where id_sp =5] 
27.03.2017 10:35:31 sql=[select * from sanpham where id_sp =8] 
27.03.2017 10:35:31 sql=[select sum(item.quantity * sp.gia_sp) as tong_gia from cart_item item inner join sanpham sp on item.id_sp = sp.id_sp  where cart_id='58d8bdceca91c'] 
27.03.2017 10:35:31 sql=[select sum(item.quantity * sp.gia_sp) as tong_gia from cart_item item inner join sanpham sp on item.id_sp = sp.id_sp  where cart_id='58d8bdceca91c'] 
27.03.2017 10:35:31 sql=[select sum(item.quantity * sp.gia_sp) as tong_gia from cart_item item inner join sanpham sp on item.id_sp = sp.id_sp  where cart_id='58d8bdceca91c'] 
27.03.2017 10:36:21 sql=[select * from cart_item where cart_id='58d8bdceca91c'] 
27.03.2017 10:36:21 sql=[select * from sanpham where id_sp =4] 
27.03.2017 10:36:22 sql=[select * from sanpham where id_sp =5] 
27.03.2017 10:36:22 sql=[select * from sanpham where id_sp =8] 
27.03.2017 10:36:22 sql=[select sum(item.quantity * sp.gia_sp) as tong_gia from cart_item item inner join sanpham sp on item.id_sp = sp.id_sp  where cart_id='58d8bdceca91c'] 
27.03.2017 10:36:22 sql=[select sum(item.quantity * sp.gia_sp) as tong_gia from cart_item item inner join sanpham sp on item.id_sp = sp.id_sp  where cart_id='58d8bdceca91c'] 
27.03.2017 10:36:22 sql=[select sum(item.quantity * sp.gia_sp) as tong_gia from cart_item item inner join sanpham sp on item.id_sp = sp.id_sp  where cart_id='58d8bdceca91c'] 
27.03.2017 10:36:31 sql=[select * from cart_item where cart_id='58d8bdceca91c'] 
27.03.2017 10:36:31 sql=[select * from sanpham where id_sp =4] 
27.03.2017 10:36:31 sql=[select * from sanpham where id_sp =5] 
27.03.2017 10:36:31 sql=[select * from sanpham where id_sp =8] 
27.03.2017 10:36:31 sql=[select sum(item.quantity * sp.gia_sp) as tong_gia from cart_item item inner join sanpham sp on item.id_sp = sp.id_sp  where cart_id='58d8bdceca91c'] 
27.03.2017 10:36:31 sql=[select sum(item.quantity * sp.gia_sp) as tong_gia from cart_item item inner join sanpham sp on item.id_sp = sp.id_sp  where cart_id='58d8bdceca91c'] 
27.03.2017 10:36:31 sql=[select sum(item.quantity * sp.gia_sp) as tong_gia from cart_item item inner join sanpham sp on item.id_sp = sp.id_sp  where cart_id='58d8bdceca91c'] 
27.03.2017 10:38:18 sql=[select * from cart_item where cart_id='58d8bdceca91c'] 
27.03.2017 10:38:18 sql=[select * from sanpham where id_sp =4] 
27.03.2017 10:38:18 sql=[select * from sanpham where id_sp =5] 
27.03.2017 10:38:18 sql=[select * from sanpham where id_sp =8] 
27.03.2017 10:38:18 sql=[select sum(item.quantity * sp.gia_sp) as tong_gia from cart_item item inner join sanpham sp on item.id_sp = sp.id_sp  where cart_id='58d8bdceca91c'] 
27.03.2017 10:38:18 sql=[select sum(item.quantity * sp.gia_sp) as tong_gia from cart_item item inner join sanpham sp on item.id_sp = sp.id_sp  where cart_id='58d8bdceca91c'] 
27.03.2017 10:38:18 sql=[select sum(item.quantity * sp.gia_sp) as tong_gia from cart_item item inner join sanpham sp on item.id_sp = sp.id_sp  where cart_id='58d8bdceca91c'] 
27.03.2017 10:38:43 sql=[select * from cart_item where cart_id='58d8bdceca91c'] 
27.03.2017 10:38:43 sql=[select * from sanpham where id_sp =4] 
27.03.2017 10:38:43 sql=[select * from sanpham where id_sp =5] 
27.03.2017 10:38:43 sql=[select * from sanpham where id_sp =8] 
27.03.2017 10:38:43 sql=[select sum(item.quantity * sp.gia_sp) as tong_gia from cart_item item inner join sanpham sp on item.id_sp = sp.id_sp  where cart_id='58d8bdceca91c'] 
27.03.2017 10:38:43 sql=[select sum(item.quantity * sp.gia_sp) as tong_gia from cart_item item inner join sanpham sp on item.id_sp = sp.id_sp  where cart_id='58d8bdceca91c'] 
27.03.2017 10:38:43 sql=[select sum(item.quantity * sp.gia_sp) as tong_gia from cart_item item inner join sanpham sp on item.id_sp = sp.id_sp  where cart_id='58d8bdceca91c'] 
27.03.2017 10:39:37 sql=[select * from cart_item where cart_id='58d8bdceca91c'] 
27.03.2017 10:39:37 sql=[select * from sanpham where id_sp =4] 
27.03.2017 10:39:37 sql=[select * from sanpham where id_sp =5] 
27.03.2017 10:39:37 sql=[select * from sanpham where id_sp =8] 
27.03.2017 10:39:37 sql=[select sum(item.quantity * sp.gia_sp) as tong_gia from cart_item item inner join sanpham sp on item.id_sp = sp.id_sp  where cart_id='58d8bdceca91c'] 
27.03.2017 10:39:37 sql=[select sum(item.quantity * sp.gia_sp) as tong_gia from cart_item item inner join sanpham sp on item.id_sp = sp.id_sp  where cart_id='58d8bdceca91c'] 
27.03.2017 10:39:37 sql=[select sum(item.quantity * sp.gia_sp) as tong_gia from cart_item item inner join sanpham sp on item.id_sp = sp.id_sp  where cart_id='58d8bdceca91c'] 
27.03.2017 10:40:09 sql=[select * from cart_item where cart_id='58d8bdceca91c'] 
27.03.2017 10:40:09 sql=[select * from sanpham where id_sp =4] 
27.03.2017 10:40:09 sql=[select * from sanpham where id_sp =5] 
27.03.2017 10:40:09 sql=[select * from sanpham where id_sp =8] 
27.03.2017 10:40:09 sql=[select sum(item.quantity * sp.gia_sp) as tong_gia from cart_item item inner join sanpham sp on item.id_sp = sp.id_sp  where cart_id='58d8bdceca91c'] 
27.03.2017 10:40:09 sql=[select sum(item.quantity * sp.gia_sp) as tong_gia from cart_item item inner join sanpham sp on item.id_sp = sp.id_sp  where cart_id='58d8bdceca91c'] 
27.03.2017 10:40:09 sql=[select sum(item.quantity * sp.gia_sp) as tong_gia from cart_item item inner join sanpham sp on item.id_sp = sp.id_sp  where cart_id='58d8bdceca91c'] 
27.03.2017 10:41:58 sql=[select * from cart_item where cart_id='58d8bdceca91c'] 
27.03.2017 10:41:58 sql=[select sum(item.quantity * sp.gia_sp) as tong_gia from cart_item item inner join sanpham sp on item.id_sp = sp.id_sp  where cart_id='58d8bdceca91c'] 
27.03.2017 10:41:58 sql=[select sum(item.quantity * sp.gia_sp) as tong_gia from cart_item item inner join sanpham sp on item.id_sp = sp.id_sp  where cart_id='58d8bdceca91c'] 
27.03.2017 10:43:18 sql=[select * from cart_item where cart_id='58d8bdceca91c'] 
27.03.2017 10:43:18 sql=[select * from cart_item where cart_id='58d8bdceca91c'] 
27.03.2017 10:43:18 sql=[select sum(item.quantity * sp.gia_sp) as tong_gia from cart_item item inner join sanpham sp on item.id_sp = sp.id_sp  where cart_id='58d8bdceca91c'] 
27.03.2017 10:43:18 sql=[select sum(item.quantity * sp.gia_sp) as tong_gia from cart_item item inner join sanpham sp on item.id_sp = sp.id_sp  where cart_id='58d8bdceca91c'] 
27.03.2017 10:43:46 sql=[select * from cart_item where cart_id='58d8bdceca91c'] 
27.03.2017 10:43:46 sql=[select * from cart_item where cart_id='58d8bdceca91c'] 
27.03.2017 10:43:47 sql=[select * from cart_item where cart_id='58d8bdceca91c'] 
27.03.2017 10:43:47 sql=[select sum(item.quantity * sp.gia_sp) as tong_gia from cart_item item inner join sanpham sp on item.id_sp = sp.id_sp  where cart_id='58d8bdceca91c'] 
27.03.2017 10:43:47 sql=[select sum(item.quantity * sp.gia_sp) as tong_gia from cart_item item inner join sanpham sp on item.id_sp = sp.id_sp  where cart_id='58d8bdceca91c'] 
27.03.2017 10:44:05 sql=[select * from cart_item where cart_id='58d8bdceca91c'] 
27.03.2017 10:44:05 sql=[select * from cart_item where cart_id='58d8bdceca91c'] 
27.03.2017 10:44:05 sql=[select * from cart_item where cart_id='58d8bdceca91c'] 
27.03.2017 10:44:05 sql=[select sum(item.quantity * sp.gia_sp) as tong_gia from cart_item item inner join sanpham sp on item.id_sp = sp.id_sp  where cart_id='58d8bdceca91c'] 
27.03.2017 10:44:05 sql=[select sum(item.quantity * sp.gia_sp) as tong_gia from cart_item item inner join sanpham sp on item.id_sp = sp.id_sp  where cart_id='58d8bdceca91c'] 
27.03.2017 10:44:29 sql=[select * from cart_item where cart_id='58d8bdceca91c'] 
27.03.2017 10:44:29 sql=[select * from cart_item where cart_id='58d8bdceca91c'] 
27.03.2017 10:44:29 sql=[select * from cart_item where cart_id='58d8bdceca91c'] 
27.03.2017 10:44:29 sql=[select sum(item.quantity * sp.gia_sp) as tong_gia from cart_item item inner join sanpham sp on item.id_sp = sp.id_sp  where cart_id='58d8bdceca91c'] 
27.03.2017 10:44:29 sql=[select sum(item.quantity * sp.gia_sp) as tong_gia from cart_item item inner join sanpham sp on item.id_sp = sp.id_sp  where cart_id='58d8bdceca91c'] 
27.03.2017 10:46:59 sql=[select * from cart_item where cart_id='58d8bdceca91c'] 
27.03.2017 10:46:59 sql=[select sum(item.quantity * sp.gia_sp) as tong_gia from cart_item item inner join sanpham sp on item.id_sp = sp.id_sp  where cart_id='58d8bdceca91c'] 
27.03.2017 10:46:59 sql=[select sum(item.quantity * sp.gia_sp) as tong_gia from cart_item item inner join sanpham sp on item.id_sp = sp.id_sp  where cart_id='58d8bdceca91c'] 
27.03.2017 10:47:39 sql=[select * from cart_item where cart_id='58d8bdceca91c'] 
27.03.2017 10:47:39 sql=[select sum(item.quantity * sp.gia_sp) as tong_gia from cart_item item inner join sanpham sp on item.id_sp = sp.id_sp  where cart_id='58d8bdceca91c'] 
27.03.2017 10:47:39 sql=[select sum(item.quantity * sp.gia_sp) as tong_gia from cart_item item inner join sanpham sp on item.id_sp = sp.id_sp  where cart_id='58d8bdceca91c'] 
27.03.2017 10:47:43 sql=[select * from sanpham LIMIT 6 OFFSET 0] 
27.03.2017 10:48:10 sql=[select * from cart_item  where cart_id='58d8bdceca91c' && id_sp=5] 
27.03.2017 10:48:10 <!-- sql=[INSERT INTO cart_item(item_id,id_sp,cart_id,quantity)
        VALUES('58d8d1ca80722', 5, '58d8bdceca91c', 1)] --> 
27.03.2017 10:48:10 sql=[select * from cart_item where cart_id='58d8bdceca91c'] 
27.03.2017 10:48:10 sql=[select * from sanpham where id_sp =5] 
27.03.2017 10:48:10 sql=[select sum(item.quantity * sp.gia_sp) as tong_gia from cart_item item inner join sanpham sp on item.id_sp = sp.id_sp  where cart_id='58d8bdceca91c'] 
27.03.2017 10:48:10 sql=[select sum(item.quantity * sp.gia_sp) as tong_gia from cart_item item inner join sanpham sp on item.id_sp = sp.id_sp  where cart_id='58d8bdceca91c'] 
27.03.2017 10:48:10 sql=[select sum(item.quantity * sp.gia_sp) as tong_gia from cart_item item inner join sanpham sp on item.id_sp = sp.id_sp  where cart_id='58d8bdceca91c'] 
27.03.2017 10:50:38 sql=[select * from cart_item  where cart_id='58d8bdceca91c' && id_sp=5] 
27.03.2017 10:50:38 <!-- sql=[UPDATE cart_item SET quantity=2 WHERE item_id='58d8d1ca80722'] --> 
27.03.2017 10:50:38 sql=[select * from cart_item where cart_id='58d8bdceca91c'] 
27.03.2017 10:50:38 sql=[select * from sanpham where id_sp =5] 
27.03.2017 10:50:38 sql=[select sum(item.quantity * sp.gia_sp) as tong_gia from cart_item item inner join sanpham sp on item.id_sp = sp.id_sp  where cart_id='58d8bdceca91c'] 
27.03.2017 10:50:38 sql=[select sum(item.quantity * sp.gia_sp) as tong_gia from cart_item item inner join sanpham sp on item.id_sp = sp.id_sp  where cart_id='58d8bdceca91c'] 
27.03.2017 10:50:38 sql=[select sum(item.quantity * sp.gia_sp) as tong_gia from cart_item item inner join sanpham sp on item.id_sp = sp.id_sp  where cart_id='58d8bdceca91c'] 
27.03.2017 10:51:05 sql=[select * from cart_item where cart_id='58d8bdceca91c'] 
27.03.2017 10:51:05 sql=[select * from sanpham where id_sp =5] 
27.03.2017 10:51:05 sql=[select sum(item.quantity * sp.gia_sp) as tong_gia from cart_item item inner join sanpham sp on item.id_sp = sp.id_sp  where cart_id='58d8bdceca91c'] 
27.03.2017 10:51:05 sql=[select sum(item.quantity * sp.gia_sp) as tong_gia from cart_item item inner join sanpham sp on item.id_sp = sp.id_sp  where cart_id='58d8bdceca91c'] 
27.03.2017 10:51:05 sql=[select sum(item.quantity * sp.gia_sp) as tong_gia from cart_item item inner join sanpham sp on item.id_sp = sp.id_sp  where cart_id='58d8bdceca91c'] 
27.03.2017 10:51:26 sql=[select * from cart_item where cart_id='58d8bdceca91c'] 
27.03.2017 10:51:26 sql=[select * from sanpham where id_sp =5] 
27.03.2017 10:51:26 sql=[select sum(item.quantity * sp.gia_sp) as tong_gia from cart_item item inner join sanpham sp on item.id_sp = sp.id_sp  where cart_id='58d8bdceca91c'] 
27.03.2017 10:51:26 sql=[select sum(item.quantity * sp.gia_sp) as tong_gia from cart_item item inner join sanpham sp on item.id_sp = sp.id_sp  where cart_id='58d8bdceca91c'] 
27.03.2017 10:51:26 sql=[select sum(item.quantity * sp.gia_sp) as tong_gia from cart_item item inner join sanpham sp on item.id_sp = sp.id_sp  where cart_id='58d8bdceca91c'] 
27.03.2017 10:52:44 sql=[select * from cart_item where cart_id='58d8bdceca91c'] 
27.03.2017 10:52:44 sql=[select * from sanpham where id_sp =5] 
27.03.2017 10:52:44 sql=[select sum(item.quantity * sp.gia_sp) as tong_gia from cart_item item inner join sanpham sp on item.id_sp = sp.id_sp  where cart_id='58d8bdceca91c'] 
27.03.2017 10:52:44 sql=[select sum(item.quantity * sp.gia_sp) as tong_gia from cart_item item inner join sanpham sp on item.id_sp = sp.id_sp  where cart_id='58d8bdceca91c'] 
27.03.2017 10:52:44 sql=[select sum(item.quantity * sp.gia_sp) as tong_gia from cart_item item inner join sanpham sp on item.id_sp = sp.id_sp  where cart_id='58d8bdceca91c'] 
27.03.2017 11:00:22 sql=[select * from cart_item where cart_id='58d8bdceca91c'] 
27.03.2017 11:00:55 sql=[select * from cart_item where cart_id='58d8bdceca91c'] 
27.03.2017 11:00:55 sql=[select * from cart_item where cart_id='58d8bdceca91c'] 
27.03.2017 11:00:55 sql=[select * from sanpham where id_sp =5] 
27.03.2017 11:00:55 sql=[select sum(item.quantity * sp.gia_sp) as tong_gia from cart_item item inner join sanpham sp on item.id_sp = sp.id_sp  where cart_id='58d8bdceca91c'] 
27.03.2017 11:00:55 sql=[select sum(item.quantity * sp.gia_sp) as tong_gia from cart_item item inner join sanpham sp on item.id_sp = sp.id_sp  where cart_id='58d8bdceca91c'] 
27.03.2017 11:00:55 sql=[select sum(item.quantity * sp.gia_sp) as tong_gia from cart_item item inner join sanpham sp on item.id_sp = sp.id_sp  where cart_id='58d8bdceca91c'] 
27.03.2017 11:02:43 sql=[select * from cart_item where cart_id='58d8bdceca91c'] 
27.03.2017 11:02:43 sql=[select * from cart_item where cart_id='58d8bdceca91c'] 
27.03.2017 11:02:43 sql=[select * from sanpham where id_sp =5] 
27.03.2017 11:02:43 sql=[select sum(item.quantity * sp.gia_sp) as tong_gia from cart_item item inner join sanpham sp on item.id_sp = sp.id_sp  where cart_id='58d8bdceca91c'] 
27.03.2017 11:02:43 sql=[select sum(item.quantity * sp.gia_sp) as tong_gia from cart_item item inner join sanpham sp on item.id_sp = sp.id_sp  where cart_id='58d8bdceca91c'] 
27.03.2017 11:02:43 sql=[select sum(item.quantity * sp.gia_sp) as tong_gia from cart_item item inner join sanpham sp on item.id_sp = sp.id_sp  where cart_id='58d8bdceca91c'] 
27.03.2017 11:03:13 sql=[select * from cart_item where cart_id='58d8bdceca91c'] 
27.03.2017 11:03:13 sql=[select * from cart_item where cart_id='58d8bdceca91c'] 
27.03.2017 11:03:13 sql=[select * from sanpham where id_sp =5] 
27.03.2017 11:03:13 sql=[select sum(item.quantity * sp.gia_sp) as tong_gia from cart_item item inner join sanpham sp on item.id_sp = sp.id_sp  where cart_id='58d8bdceca91c'] 
27.03.2017 11:03:13 sql=[select sum(item.quantity * sp.gia_sp) as tong_gia from cart_item item inner join sanpham sp on item.id_sp = sp.id_sp  where cart_id='58d8bdceca91c'] 
27.03.2017 11:03:13 sql=[select sum(item.quantity * sp.gia_sp) as tong_gia from cart_item item inner join sanpham sp on item.id_sp = sp.id_sp  where cart_id='58d8bdceca91c'] 
27.03.2017 11:03:16 sql=[select * from cart_item where cart_id='58d8bdceca91c'] 
27.03.2017 11:03:16 sql=[select * from cart_item where cart_id='58d8bdceca91c'] 
27.03.2017 11:03:16 sql=[select * from sanpham where id_sp =5] 
27.03.2017 11:03:16 sql=[select sum(item.quantity * sp.gia_sp) as tong_gia from cart_item item inner join sanpham sp on item.id_sp = sp.id_sp  where cart_id='58d8bdceca91c'] 
27.03.2017 11:03:16 sql=[select sum(item.quantity * sp.gia_sp) as tong_gia from cart_item item inner join sanpham sp on item.id_sp = sp.id_sp  where cart_id='58d8bdceca91c'] 
27.03.2017 11:03:16 sql=[select sum(item.quantity * sp.gia_sp) as tong_gia from cart_item item inner join sanpham sp on item.id_sp = sp.id_sp  where cart_id='58d8bdceca91c'] 
27.03.2017 11:03:22 sql=[select * from cart_item where cart_id='58d8d55aa2717'] 
27.03.2017 11:03:22 sql=[SELECT * FROM sanpham
INNER JOIN category
ON sanpham.id_dm = category.id_dm
INNER JOIN hangsp
ON sanpham.id_hang = hangsp.id_hang] 
27.03.2017 11:03:32 sql=[select * from cart_item where cart_id='58d8bdceca91c'] 
27.03.2017 11:03:32 sql=[select * from cart_item where cart_id='58d8bdceca91c'] 
27.03.2017 11:03:32 sql=[select * from sanpham where id_sp =5] 
27.03.2017 11:03:32 sql=[select sum(item.quantity * sp.gia_sp) as tong_gia from cart_item item inner join sanpham sp on item.id_sp = sp.id_sp  where cart_id='58d8bdceca91c'] 
27.03.2017 11:03:33 sql=[select sum(item.quantity * sp.gia_sp) as tong_gia from cart_item item inner join sanpham sp on item.id_sp = sp.id_sp  where cart_id='58d8bdceca91c'] 
27.03.2017 11:03:33 sql=[select sum(item.quantity * sp.gia_sp) as tong_gia from cart_item item inner join sanpham sp on item.id_sp = sp.id_sp  where cart_id='58d8bdceca91c'] 
27.03.2017 11:03:49 sql=[select * from cart_item where cart_id='58d8bdceca91c'] 
27.03.2017 11:03:49 sql=[select * from cart_item where cart_id='58d8bdceca91c'] 
27.03.2017 11:03:50 sql=[select * from sanpham where id_sp =5] 
27.03.2017 11:03:50 sql=[select sum(item.quantity * sp.gia_sp) as tong_gia from cart_item item inner join sanpham sp on item.id_sp = sp.id_sp  where cart_id='58d8bdceca91c'] 
27.03.2017 11:03:50 sql=[select sum(item.quantity * sp.gia_sp) as tong_gia from cart_item item inner join sanpham sp on item.id_sp = sp.id_sp  where cart_id='58d8bdceca91c'] 
27.03.2017 11:03:50 sql=[select sum(item.quantity * sp.gia_sp) as tong_gia from cart_item item inner join sanpham sp on item.id_sp = sp.id_sp  where cart_id='58d8bdceca91c'] 
27.03.2017 11:04:00 sql=[select * from cart_item where cart_id='58d8bdceca91c'] 
27.03.2017 11:04:00 sql=[select * from cart_item where cart_id='58d8bdceca91c'] 
27.03.2017 11:04:00 sql=[select * from sanpham where id_sp =5] 
27.03.2017 11:04:00 sql=[select sum(item.quantity * sp.gia_sp) as tong_gia from cart_item item inner join sanpham sp on item.id_sp = sp.id_sp  where cart_id='58d8bdceca91c'] 
27.03.2017 11:04:00 sql=[select sum(item.quantity * sp.gia_sp) as tong_gia from cart_item item inner join sanpham sp on item.id_sp = sp.id_sp  where cart_id='58d8bdceca91c'] 
27.03.2017 11:04:00 sql=[select sum(item.quantity * sp.gia_sp) as tong_gia from cart_item item inner join sanpham sp on item.id_sp = sp.id_sp  where cart_id='58d8bdceca91c'] 
27.03.2017 11:04:03 sql=[select * from cart_item where cart_id='58d8d583f16df'] 
27.03.2017 11:04:04 sql=[SELECT * FROM sanpham
INNER JOIN category
ON sanpham.id_dm = category.id_dm
INNER JOIN hangsp
ON sanpham.id_hang = hangsp.id_hang] 
